Reminder service started - will check for events every hour
Backend running on http://localhost:5000
WebSocket server initialized
Email reminder service started
[0mGET /api/health [32m200[0m 3.563 ms - 43[0m
[0mPOST /api/auth/login [33m401[0m 101.749 ms - 49[0m
[0mPOST /api/notifications/test/generate [33m401[0m 1.256 ms - 57[0m
[0mGET /api/notifications?page=1&limit=10 [33m401[0m 0.356 ms - 57[0m
[0mGET /api/notifications?page=1&limit=10 [33m401[0m 0.311 ms - 57[0m
[0mGET /api/notifications?page=1&limit=10 [32m200[0m 12.447 ms - 2584[0m
[0mGET /api/notifications?page=1&limit=10 [32m200[0m 8.021 ms - 2584[0m
[0mGET /api/notifications/unread-count [36m304[0m 12.211 ms - -[0m
[0mGET /api/notifications?page=1&limit=10 [36m304[0m 5.034 ms - -[0m
[0mGET /api/notifications/unread-count [36m304[0m 2.532 ms - -[0m
[0mGET /api/notifications?page=1&limit=10 [36m304[0m 6.047 ms - -[0m
[0mGET /api/notifications/unread-count [36m304[0m 3.291 ms - -[0m
[0mGET /api/notifications/unread-count [36m304[0m 2.104 ms - -[0m
[0mGET /api/notifications?page=1&limit=10 [36m304[0m 4.977 ms - -[0m
[0mGET /api/tags [36m304[0m 4.107 ms - -[0m
[0mGET /api/tags [36m304[0m 45.514 ms - -[0m
[0mGET /api/auth/me [36m304[0m 32.975 ms - -[0m
[0mGET /api/notifications/unread-count [36m304[0m 17.433 ms - -[0m
[0mGET /api/notifications?page=1&limit=10 [36m304[0m 73.665 ms - -[0m
[0mGET /api/notifications/unread-count [36m304[0m 14.883 ms - -[0m
[0mGET /api/events?search=&venue=&category=&dateFrom=&dateTo=&sortBy=date&order=asc&page=1&limit=6 [36m304[0m 439.402 ms - -[0m
[0mGET /api/auth/me [36m304[0m 219.159 ms - -[0m
[0mGET /api/notifications?page=1&limit=10 [36m304[0m 20.392 ms - -[0m
[0mGET /api/events?search=&venue=&category=&dateFrom=&dateTo=&sortBy=date&order=asc&page=1&limit=6 [36m304[0m 101.261 ms - -[0m
[0mGET /api/tags [36m304[0m 4.143 ms - -[0m
[0mGET /api/tags [36m304[0m 3.348 ms - -[0m
[0mGET /api/events?search=&venue=&category=&dateFrom=&dateTo=&sortBy=date&order=asc&page=1&limit=6 [32m200[0m 15.175 ms - 2980[0m
[0mGET /api/events?search=&venue=&category=&dateFrom=&dateTo=&sortBy=date&order=asc&page=1&limit=6 [36m304[0m 8.536 ms - -[0m
[0mGET /api/tags [36m304[0m 24.120 ms - -[0m
[0mGET /api/tags [36m304[0m 10.765 ms - -[0m
[0mGET /api/events?search=&venue=&category=&dateFrom=&dateTo=&sortBy=date&order=asc&page=1&limit=6 [36m304[0m 37.040 ms - -[0m
[0mGET /api/events?search=&venue=&category=&dateFrom=&dateTo=&sortBy=date&order=asc&page=1&limit=6 [36m304[0m 11.251 ms - -[0m
[0mGET /api/tags [36m304[0m 2.645 ms - -[0m
[0mGET /api/tags [36m304[0m 11.849 ms - -[0m
[0mGET /api/events?search=&venue=&category=&dateFrom=&dateTo=&sortBy=date&order=asc&page=1&limit=6 [36m304[0m 23.354 ms - -[0m
[0mGET /api/events?search=&venue=&category=&dateFrom=&dateTo=&sortBy=date&order=asc&page=1&limit=6 [36m304[0m 16.519 ms - -[0m
[0mGET /api/tags [36m304[0m 3.977 ms - -[0m
[0mGET /api/tags [36m304[0m 13.271 ms - -[0m
[0mGET /api/auth/me [36m304[0m 30.890 ms - -[0m
[0mGET /api/events?search=&venue=&category=&dateFrom=&dateTo=&sortBy=date&order=asc&page=1&limit=6 [36m304[0m 35.547 ms - -[0m
[0mGET /api/auth/me [36m304[0m 4.270 ms - -[0m
[0mGET /api/events?search=&venue=&category=&dateFrom=&dateTo=&sortBy=date&order=asc&page=1&limit=6 [36m304[0m 10.444 ms - -[0m
[0mGET /api/notifications?page=1&limit=10 [36m304[0m 19.646 ms - -[0m
[0mGET /api/notifications/unread-count [36m304[0m 16.670 ms - -[0m
[0mGET /api/notifications?page=1&limit=10 [36m304[0m 9.267 ms - -[0m
[0mGET /api/notifications/unread-count [36m304[0m 22.744 ms - -[0m
[0mPOST /api/notifications/test/generate [32m200[0m 70.986 ms - 804[0m
[0mGET /api/notifications?page=1&limit=10 [32m200[0m 4.900 ms - 2563[0m
[0mGET /api/notifications/unread-count [32m200[0m 2.418 ms - 42[0m
[0mGET /api/events/2 [32m200[0m 29.508 ms - 505[0m
[0mGET /api/events/2 [36m304[0m 3.780 ms - -[0m
[0mGET /api/tags [36m304[0m 17.285 ms - -[0m
[0mGET /api/tags [36m304[0m 9.721 ms - -[0m
[0mGET /api/events?search=&venue=&category=&dateFrom=&dateTo=&sortBy=date&order=asc&page=1&limit=6 [36m304[0m 66.218 ms - -[0m
[0mGET /api/events?search=&venue=&category=&dateFrom=&dateTo=&sortBy=date&order=asc&page=1&limit=6 [36m304[0m 17.507 ms - -[0m
[0mGET /api/tags [36m304[0m 3.554 ms - -[0m
[0mGET /api/tags [36m304[0m 3.872 ms - -[0m
[0mGET /api/events?search=&venue=&category=&dateFrom=&dateTo=&sortBy=date&order=asc&page=1&limit=6 [36m304[0m 40.437 ms - -[0m
[0mGET /api/events?search=&venue=&category=&dateFrom=&dateTo=&sortBy=date&order=asc&page=1&limit=6 [36m304[0m 25.718 ms - -[0m
[0mGET /api/tags [36m304[0m 2.647 ms - -[0m
[0mGET /api/tags [36m304[0m 4.426 ms - -[0m
[0mGET /api/events?search=&venue=&category=&dateFrom=&dateTo=&sortBy=date&order=asc&page=1&limit=6 [36m304[0m 31.209 ms - -[0m
[0mGET /api/events?search=&venue=&category=&dateFrom=&dateTo=&sortBy=date&order=asc&page=1&limit=6 [36m304[0m 10.079 ms - -[0m
[0mGET /api/tags [36m304[0m 2.494 ms - -[0m
[0mGET /api/tags [36m304[0m 1.734 ms - -[0m
[0mGET /api/events?search=&venue=&category=&dateFrom=&dateTo=&sortBy=date&order=asc&page=1&limit=6 [36m304[0m 66.360 ms - -[0m
[0mGET /api/auth/me [36m304[0m 22.886 ms - -[0m
[0mGET /api/events?search=&venue=&category=&dateFrom=&dateTo=&sortBy=date&order=asc&page=1&limit=6 [36m304[0m 41.542 ms - -[0m
[0mGET /api/auth/me [36m304[0m 24.159 ms - -[0m
[0mGET /api/notifications/unread-count [36m304[0m 5.173 ms - -[0m
[0mGET /api/notifications?page=1&limit=10 [36m304[0m 4.968 ms - -[0m
[0mGET /api/notifications/unread-count [36m304[0m 2.495 ms - -[0m
[0mGET /api/notifications?page=1&limit=10 [36m304[0m 8.550 ms - -[0m
[0mGET /api/tags [36m304[0m 2.018 ms - -[0m
[0mGET /api/tags [36m304[0m 1.844 ms - -[0m
[0mGET /api/events?search=&venue=&category=&dateFrom=&dateTo=&sortBy=date&order=asc&page=1&limit=6 [36m304[0m 4.895 ms - -[0m
[0mGET /api/events?search=&venue=&category=&dateFrom=&dateTo=&sortBy=date&order=asc&page=1&limit=6 [36m304[0m 28.398 ms - -[0m
[0mGET /api/tags [36m304[0m 2.257 ms - -[0m
[0mGET /api/tags [36m304[0m 1.592 ms - -[0m
[0mGET /api/events?search=&venue=&category=&dateFrom=&dateTo=&sortBy=date&order=asc&page=1&limit=6 [36m304[0m 8.289 ms - -[0m
[0mGET /api/events?search=&venue=&category=&dateFrom=&dateTo=&sortBy=date&order=asc&page=1&limit=6 [36m304[0m 4.065 ms - -[0m
[0mGET /api/tags [36m304[0m 2.085 ms - -[0m
[0mGET /api/tags [36m304[0m 1.424 ms - -[0m
[0mGET /api/events?search=&venue=&category=&dateFrom=&dateTo=&sortBy=date&order=asc&page=1&limit=6 [36m304[0m 8.444 ms - -[0m
[0mGET /api/events?search=&venue=&category=&dateFrom=&dateTo=&sortBy=date&order=asc&page=1&limit=6 [36m304[0m 3.727 ms - -[0m
[0mGET /api/tags [36m304[0m 1.920 ms - -[0m
[0mGET /api/tags [36m304[0m 1.587 ms - -[0m
[0mGET /api/events?search=&venue=&category=&dateFrom=&dateTo=&sortBy=date&order=asc&page=1&limit=6 [36m304[0m 5.703 ms - -[0m
[0mGET /api/events?search=&venue=&category=&dateFrom=&dateTo=&sortBy=date&order=asc&page=1&limit=6 [36m304[0m 4.276 ms - -[0m
[0mGET /api/tags [36m304[0m 2.170 ms - -[0m
[0mGET /api/tags [36m304[0m 2.003 ms - -[0m
[0mGET /api/events?search=&venue=&category=&dateFrom=&dateTo=&sortBy=date&order=asc&page=1&limit=6 [36m304[0m 6.488 ms - -[0m
[0mGET /api/events?search=&venue=&category=&dateFrom=&dateTo=&sortBy=date&order=asc&page=1&limit=6 [36m304[0m 6.633 ms - -[0m
[0mGET /api/tags [36m304[0m 2.361 ms - -[0m
[0mGET /api/tags [36m304[0m 1.238 ms - -[0m
[0mGET /api/events?search=&venue=&category=&dateFrom=&dateTo=&sortBy=date&order=asc&page=1&limit=6 [36m304[0m 6.157 ms - -[0m
[0mGET /api/events?search=&venue=&category=&dateFrom=&dateTo=&sortBy=date&order=asc&page=1&limit=6 [36m304[0m 3.853 ms - -[0m
[0mGET /api/tags [36m304[0m 2.712 ms - -[0m
[0mGET /api/tags [36m304[0m 1.588 ms - -[0m
[0mGET /api/events?search=&venue=&category=&dateFrom=&dateTo=&sortBy=date&order=asc&page=1&limit=6 [36m304[0m 10.427 ms - -[0m
[0mGET /api/events?search=&venue=&category=&dateFrom=&dateTo=&sortBy=date&order=asc&page=1&limit=6 [36m304[0m 4.265 ms - -[0m
[0mGET /api/tags [36m304[0m 1.373 ms - -[0m
[0mGET /api/tags [36m304[0m 1.185 ms - -[0m
[0mGET /api/events?search=&venue=&category=&dateFrom=&dateTo=&sortBy=date&order=asc&page=1&limit=6 [36m304[0m 6.916 ms - -[0m
[0mGET /api/events?search=&venue=&category=&dateFrom=&dateTo=&sortBy=date&order=asc&page=1&limit=6 [36m304[0m 3.145 ms - -[0m
[0mGET /api/tags [36m304[0m 1.894 ms - -[0m
[0mGET /api/tags [36m304[0m 1.530 ms - -[0m
[0mGET /api/events?search=&venue=&category=&dateFrom=&dateTo=&sortBy=date&order=asc&page=1&limit=6 [36m304[0m 8.634 ms - -[0m
[0mGET /api/events?search=&venue=&category=&dateFrom=&dateTo=&sortBy=date&order=asc&page=1&limit=6 [36m304[0m 4.826 ms - -[0m
[0mGET /api/tags [36m304[0m 2.212 ms - -[0m
[0mGET /api/tags [36m304[0m 7.867 ms - -[0m
[0mGET /api/auth/me [36m304[0m 8.085 ms - -[0m
[0mGET /api/events?search=&venue=&category=&dateFrom=&dateTo=&sortBy=date&order=asc&page=1&limit=6 [36m304[0m 19.640 ms - -[0m
[0mGET /api/auth/me [36m304[0m 4.616 ms - -[0m
[0mGET /api/notifications/unread-count [36m304[0m 10.458 ms - -[0m
[0mGET /api/notifications?page=1&limit=10 [36m304[0m 21.973 ms - -[0m
[0mGET /api/notifications/unread-count [36m304[0m 1.741 ms - -[0m
[0mGET /api/notifications?page=1&limit=10 [36m304[0m 11.372 ms - -[0m
[0mGET /api/events?search=&venue=&category=&dateFrom=&dateTo=&sortBy=date&order=asc&page=1&limit=6 [36m304[0m 46.968 ms - -[0m
[0mGET /api/events/2 [36m304[0m 2.843 ms - -[0m
[0mGET /api/events/2 [36m304[0m 3.826 ms - -[0m
[0mGET /api/events/2 [36m304[0m 4.781 ms - -[0m
[0mGET /api/events/2 [36m304[0m 2.068 ms - -[0m
[0mGET /api/tags [36m304[0m 2.968 ms - -[0m
[0mGET /api/tags [36m304[0m 1.697 ms - -[0m
[0mGET /api/events?search=&venue=&category=&dateFrom=&dateTo=&sortBy=date&order=asc&page=1&limit=6 [36m304[0m 7.397 ms - -[0m
[0mGET /api/events?search=&venue=&category=&dateFrom=&dateTo=&sortBy=date&order=asc&page=1&limit=6 [36m304[0m 6.181 ms - -[0m
[0mGET /api/tags [36m304[0m 1.932 ms - -[0m
[0mGET /api/tags [36m304[0m 1.384 ms - -[0m
[0mGET /api/events?search=&venue=&category=&dateFrom=&dateTo=&sortBy=date&order=asc&page=1&limit=6 [36m304[0m 5.319 ms - -[0m
[0mGET /api/events?search=&venue=&category=&dateFrom=&dateTo=&sortBy=date&order=asc&page=1&limit=6 [36m304[0m 4.150 ms - -[0m
[0mGET /api/auth/me [36m304[0m 9.031 ms - -[0m
[0mGET /api/auth/me [36m304[0m 7.221 ms - -[0m
[0mGET /api/notifications/unread-count [36m304[0m 6.373 ms - -[0m
[0mGET /api/notifications?page=1&limit=10 [36m304[0m 13.183 ms - -[0m
[0mGET /api/events/2 [36m304[0m 13.447 ms - -[0m
[0mGET /api/notifications/unread-count [36m304[0m 8.771 ms - -[0m
[0mGET /api/notifications?page=1&limit=10 [36m304[0m 13.521 ms - -[0m
[0mGET /api/events/2 [36m304[0m 8.276 ms - -[0m
[0mGET /api/tags [36m304[0m 2.358 ms - -[0m
[0mGET /api/tags [36m304[0m 1.687 ms - -[0m
[0mGET /api/events?search=&venue=&category=&dateFrom=&dateTo=&sortBy=date&order=asc&page=1&limit=6 [36m304[0m 9.885 ms - -[0m
[0mGET /api/events?search=&venue=&category=&dateFrom=&dateTo=&sortBy=date&order=asc&page=1&limit=6 [36m304[0m 7.913 ms - -[0m
[0mGET /api/tags [36m304[0m 1.937 ms - -[0m
[0mGET /api/tags [36m304[0m 1.938 ms - -[0m
[0mGET /api/events?search=&venue=&category=&dateFrom=&dateTo=&sortBy=date&order=asc&page=1&limit=6 [36m304[0m 6.234 ms - -[0m
[0mGET /api/events?search=&venue=&category=&dateFrom=&dateTo=&sortBy=date&order=asc&page=1&limit=6 [36m304[0m 7.848 ms - -[0m
[0mGET /api/tags [36m304[0m 1.806 ms - -[0m
[0mGET /api/tags [36m304[0m 1.924 ms - -[0m
[0mGET /api/events?search=&venue=&category=&dateFrom=&dateTo=&sortBy=date&order=asc&page=1&limit=6 [36m304[0m 9.675 ms - -[0m
[0mGET /api/events?search=&venue=&category=&dateFrom=&dateTo=&sortBy=date&order=asc&page=1&limit=6 [36m304[0m 13.480 ms - -[0m
[0mGET /api/tags [36m304[0m 2.479 ms - -[0m
[0mGET /api/tags [36m304[0m 43.959 ms - -[0m
[0mGET /api/events?search=&venue=&category=&dateFrom=&dateTo=&sortBy=date&order=asc&page=1&limit=6 [36m304[0m 32.376 ms - -[0m
[0mGET /api/events?search=&venue=&category=&dateFrom=&dateTo=&sortBy=date&order=asc&page=1&limit=6 [36m304[0m 23.699 ms - -[0m
[0mGET /api/tags [36m304[0m 1.864 ms - -[0m
[0mGET /api/tags [36m304[0m 1.820 ms - -[0m
[0mGET /api/events?search=&venue=&category=&dateFrom=&dateTo=&sortBy=date&order=asc&page=1&limit=6 [36m304[0m 7.418 ms - -[0m
[0mGET /api/events?search=&venue=&category=&dateFrom=&dateTo=&sortBy=date&order=asc&page=1&limit=6 [36m304[0m 5.046 ms - -[0m
[0mGET /api/tags [36m304[0m 1.851 ms - -[0m
[0mGET /api/tags [36m304[0m 2.337 ms - -[0m
[0mGET /api/events?search=&venue=&category=&dateFrom=&dateTo=&sortBy=date&order=asc&page=1&limit=6 [36m304[0m 23.728 ms - -[0m
[0mGET /api/events?search=&venue=&category=&dateFrom=&dateTo=&sortBy=date&order=asc&page=1&limit=6 [36m304[0m 6.266 ms - -[0m
[0mGET /api/tags [36m304[0m 1.717 ms - -[0m
[0mGET /api/tags [36m304[0m 1.596 ms - -[0m
[0mGET /api/events?search=&venue=&category=&dateFrom=&dateTo=&sortBy=date&order=asc&page=1&limit=6 [36m304[0m 5.425 ms - -[0m
[0mGET /api/events?search=&venue=&category=&dateFrom=&dateTo=&sortBy=date&order=asc&page=1&limit=6 [36m304[0m 3.310 ms - -[0m
[0mGET /api/tags [36m304[0m 2.120 ms - -[0m
[0mGET /api/tags [36m304[0m 3.016 ms - -[0m
[0mGET /api/events?search=&venue=&category=&dateFrom=&dateTo=&sortBy=date&order=asc&page=1&limit=6 [36m304[0m 8.571 ms - -[0m
[0mGET /api/events?search=&venue=&category=&dateFrom=&dateTo=&sortBy=date&order=asc&page=1&limit=6 [36m304[0m 6.962 ms - -[0m
[0mGET /api/auth/me [36m304[0m 4.064 ms - -[0m
[0mGET /api/auth/me [36m304[0m 2.580 ms - -[0m
[0mGET /api/notifications?page=1&limit=10 [36m304[0m 6.448 ms - -[0m
[0mGET /api/notifications/unread-count [36m304[0m 4.166 ms - -[0m
[0mGET /api/events/2 [36m304[0m 3.099 ms - -[0m
[0mGET /api/notifications?page=1&limit=10 [36m304[0m 3.133 ms - -[0m
[0mGET /api/notifications/unread-count [36m304[0m 3.021 ms - -[0m
[0mGET /api/events/2 [36m304[0m 6.352 ms - -[0m
[0mGET /api/tags [36m304[0m 1.468 ms - -[0m
[0mGET /api/tags [36m304[0m 1.267 ms - -[0m
[0mGET /api/events?search=&venue=&category=&dateFrom=&dateTo=&sortBy=date&order=asc&page=1&limit=6 [36m304[0m 4.735 ms - -[0m
[0mGET /api/events?search=&venue=&category=&dateFrom=&dateTo=&sortBy=date&order=asc&page=1&limit=6 [36m304[0m 3.592 ms - -[0m
[0mGET /api/auth/me [36m304[0m 2.974 ms - -[0m
[0mGET /api/auth/me [36m304[0m 2.832 ms - -[0m
[0mGET /api/notifications/unread-count [36m304[0m 2.393 ms - -[0m
[0mGET /api/notifications?page=1&limit=10 [36m304[0m 7.451 ms - -[0m
[0mGET /api/notifications/unread-count [36m304[0m 3.455 ms - -[0m
[0mGET /api/notifications?page=1&limit=10 [36m304[0m 8.376 ms - -[0m
[0mGET /api/events/2 [36m304[0m 6.802 ms - -[0m
[0mGET /api/events/2 [36m304[0m 3.175 ms - -[0m
[0mGET /api/tags [36m304[0m 3.076 ms - -[0m
[0mGET /api/tags [36m304[0m 6.529 ms - -[0m
[0mGET /api/events?search=&venue=&category=&dateFrom=&dateTo=&sortBy=date&order=asc&page=1&limit=6 [36m304[0m 5.475 ms - -[0m
[0mGET /api/events?search=&venue=&category=&dateFrom=&dateTo=&sortBy=date&order=asc&page=1&limit=6 [36m304[0m 4.953 ms - -[0m
[0mGET /api/events?page=1&limit=50&sortBy=date&order=asc [32m200[0m 24.199 ms - 4426[0m
[0mGET /api/events?page=1&limit=50&sortBy=date&order=asc [36m304[0m 9.064 ms - -[0m
[0mGET /api/bookings/me [32m200[0m 21.983 ms - 2582[0m
[0mGET /api/bookings/me [36m304[0m 3.362 ms - -[0m
[0mGET /api/receipts/15/download [32m200[0m 191.906 ms - 4555[0m
[0mGET /api/health [32m200[0m 0.122 ms - 43[0m
[0mGET /api/tags [36m304[0m 2.048 ms - -[0m
[0mGET /api/tags [36m304[0m 1.585 ms - -[0m
[0mGET /api/auth/me [36m304[0m 6.367 ms - -[0m
[0mGET /api/events?search=&venue=&category=&dateFrom=&dateTo=&sortBy=date&order=asc&page=1&limit=6 [36m304[0m 13.655 ms - -[0m
[0mGET /api/auth/me [36m304[0m 2.727 ms - -[0m
[0mGET /api/events?search=&venue=&category=&dateFrom=&dateTo=&sortBy=date&order=asc&page=1&limit=6 [36m304[0m 7.862 ms - -[0m
[0mGET /api/notifications?page=1&limit=10 [36m304[0m 8.244 ms - -[0m
[0mGET /api/notifications/unread-count [36m304[0m 1.898 ms - -[0m
[0mGET /api/notifications?page=1&limit=10 [36m304[0m 3.717 ms - -[0m
[0mGET /api/notifications/unread-count [36m304[0m 2.841 ms - -[0m
[0mPOST /api/notifications/test/generate [32m200[0m 31.234 ms - 806[0m
[0mGET /api/notifications/unread-count [32m200[0m 7.179 ms - 42[0m
[0mGET /api/notifications?page=1&limit=10 [32m200[0m 31.275 ms - 2578[0m
[0mGET /api/tags [36m304[0m 3.484 ms - -[0m
[0mGET /api/tags [36m304[0m 7.586 ms - -[0m
[0mGET /api/events?search=&venue=&category=&dateFrom=&dateTo=&sortBy=date&order=asc&page=1&limit=6 [36m304[0m 9.796 ms - -[0m
[0mGET /api/events?search=&venue=&category=&dateFrom=&dateTo=&sortBy=date&order=asc&page=1&limit=6 [36m304[0m 6.989 ms - -[0m
[0mGET /api/tags [36m304[0m 1.936 ms - -[0m
[0mGET /api/tags [36m304[0m 1.838 ms - -[0m
[0mGET /api/auth/me [36m304[0m 3.400 ms - -[0m
[0mGET /api/events?search=&venue=&category=&dateFrom=&dateTo=&sortBy=date&order=asc&page=1&limit=6 [36m304[0m 11.832 ms - -[0m
[0mGET /api/auth/me [36m304[0m 2.794 ms - -[0m
[0mGET /api/events?search=&venue=&category=&dateFrom=&dateTo=&sortBy=date&order=asc&page=1&limit=6 [36m304[0m 10.165 ms - -[0m
[0mGET /api/notifications/unread-count [36m304[0m 3.536 ms - -[0m
[0mGET /api/notifications?page=1&limit=10 [36m304[0m 7.862 ms - -[0m
[0mGET /api/notifications/unread-count [36m304[0m 2.324 ms - -[0m
[0mGET /api/notifications?page=1&limit=10 [36m304[0m 4.218 ms - -[0m
[0mGET /api/tags [36m304[0m 2.411 ms - -[0m
[0mGET /api/tags [36m304[0m 2.084 ms - -[0m
[0mGET /api/events?search=&venue=&category=&dateFrom=&dateTo=&sortBy=date&order=asc&page=1&limit=6 [36m304[0m 7.668 ms - -[0m
[0mGET /api/events?search=&venue=&category=&dateFrom=&dateTo=&sortBy=date&order=asc&page=1&limit=6 [36m304[0m 7.646 ms - -[0m
[0mGET /api/tags [36m304[0m 2.334 ms - -[0m
[0mGET /api/tags [36m304[0m 6.235 ms - -[0m
[0mGET /api/auth/me [36m304[0m 6.874 ms - -[0m
[0mGET /api/events?search=&venue=&category=&dateFrom=&dateTo=&sortBy=date&order=asc&page=1&limit=6 [36m304[0m 12.814 ms - -[0m
[0mGET /api/auth/me [36m304[0m 1.681 ms - -[0m
[0mGET /api/notifications?page=1&limit=10 [36m304[0m 6.535 ms - -[0m
[0mGET /api/notifications/unread-count [36m304[0m 1.935 ms - -[0m
[0mGET /api/events?search=&venue=&category=&dateFrom=&dateTo=&sortBy=date&order=asc&page=1&limit=6 [36m304[0m 10.702 ms - -[0m
[0mGET /api/notifications/unread-count [36m304[0m 2.897 ms - -[0m
[0mGET /api/notifications?page=1&limit=10 [36m304[0m 8.386 ms - -[0m
[0mGET /api/tags [36m304[0m 2.115 ms - -[0m
[0mGET /api/tags [36m304[0m 2.772 ms - -[0m
[0mGET /api/events?search=&venue=&category=&dateFrom=&dateTo=&sortBy=date&order=asc&page=1&limit=6 [36m304[0m 7.760 ms - -[0m
[0mGET /api/events?search=&venue=&category=&dateFrom=&dateTo=&sortBy=date&order=asc&page=1&limit=6 [36m304[0m 6.851 ms - -[0m
[0mGET /api/tags [36m304[0m 1.885 ms - -[0m
[0mGET /api/tags [36m304[0m 1.287 ms - -[0m
[0mGET /api/events?search=&venue=&category=&dateFrom=&dateTo=&sortBy=date&order=asc&page=1&limit=6 [36m304[0m 3.574 ms - -[0m
[0mGET /api/events?search=&venue=&category=&dateFrom=&dateTo=&sortBy=date&order=asc&page=1&limit=6 [36m304[0m 4.974 ms - -[0m
[0mGET /api/tags [36m304[0m 2.967 ms - -[0m
[0mGET /api/tags [36m304[0m 5.412 ms - -[0m
[0mGET /api/auth/me [36m304[0m 6.165 ms - -[0m
[0mGET /api/events?search=&venue=&category=&dateFrom=&dateTo=&sortBy=date&order=asc&page=1&limit=6 [36m304[0m 25.645 ms - -[0m
[0mGET /api/auth/me [36m304[0m 7.892 ms - -[0m
[0mGET /api/events?search=&venue=&category=&dateFrom=&dateTo=&sortBy=date&order=asc&page=1&limit=6 [36m304[0m 14.549 ms - -[0m
[0mGET /api/notifications/unread-count [36m304[0m 7.223 ms - -[0m
[0mGET /api/notifications?page=1&limit=10 [36m304[0m 15.659 ms - -[0m
[0mGET /api/notifications/unread-count [36m304[0m 5.175 ms - -[0m
[0mGET /api/notifications?page=1&limit=10 [36m304[0m 12.236 ms - -[0m
[0mGET /api/tags [36m304[0m 1.898 ms - -[0m
[0mGET /api/tags [36m304[0m 2.231 ms - -[0m
[0mGET /api/events?search=&venue=&category=&dateFrom=&dateTo=&sortBy=date&order=asc&page=1&limit=6 [36m304[0m 8.245 ms - -[0m
[0mGET /api/events?search=&venue=&category=&dateFrom=&dateTo=&sortBy=date&order=asc&page=1&limit=6 [36m304[0m 8.711 ms - -[0m
[0mGET /api/tags [36m304[0m 2.184 ms - -[0m
[0mGET /api/tags [36m304[0m 3.587 ms - -[0m
[0mGET /api/auth/me [36m304[0m 5.525 ms - -[0m
[0mGET /api/events?search=&venue=&category=&dateFrom=&dateTo=&sortBy=date&order=asc&page=1&limit=6 [36m304[0m 39.908 ms - -[0m
[0mGET /api/auth/me [36m304[0m 12.340 ms - -[0m
[0mGET /api/notifications/unread-count [36m304[0m 11.404 ms - -[0m
[0mGET /api/notifications?page=1&limit=10 [36m304[0m 29.023 ms - -[0m
[0mGET /api/notifications/unread-count [36m304[0m 24.844 ms - -[0m
[0mGET /api/events?search=&venue=&category=&dateFrom=&dateTo=&sortBy=date&order=asc&page=1&limit=6 [36m304[0m 54.162 ms - -[0m
[0mGET /api/notifications?page=1&limit=10 [36m304[0m 37.720 ms - -[0m
[0mGET /api/tags [36m304[0m 2.356 ms - -[0m
[0mGET /api/tags [36m304[0m 2.280 ms - -[0m
[0mGET /api/events?search=&venue=&category=&dateFrom=&dateTo=&sortBy=date&order=asc&page=1&limit=6 [36m304[0m 7.339 ms - -[0m
[0mGET /api/events?search=&venue=&category=&dateFrom=&dateTo=&sortBy=date&order=asc&page=1&limit=6 [36m304[0m 10.190 ms - -[0m
[0mGET /api/tags [36m304[0m 1.969 ms - -[0m
[0mGET /api/tags [36m304[0m 2.565 ms - -[0m
[0mGET /api/events?search=&venue=&category=&dateFrom=&dateTo=&sortBy=date&order=asc&page=1&limit=6 [36m304[0m 10.304 ms - -[0m
[0mGET /api/events?search=&venue=&category=&dateFrom=&dateTo=&sortBy=date&order=asc&page=1&limit=6 [36m304[0m 7.269 ms - -[0m
[0mGET /api/tags [36m304[0m 1.461 ms - -[0m
[0mGET /api/tags [36m304[0m 1.478 ms - -[0m
[0mGET /api/auth/me [36m304[0m 1.865 ms - -[0m
[0mGET /api/events?search=&venue=&category=&dateFrom=&dateTo=&sortBy=date&order=asc&page=1&limit=6 [36m304[0m 48.654 ms - -[0m
[0mGET /api/auth/me [36m304[0m 50.870 ms - -[0m
[0mGET /api/notifications/unread-count [36m304[0m 10.008 ms - -[0m
[0mGET /api/notifications?page=1&limit=10 [36m304[0m 22.911 ms - -[0m
[0mGET /api/events?search=&venue=&category=&dateFrom=&dateTo=&sortBy=date&order=asc&page=1&limit=6 [36m304[0m 10.238 ms - -[0m
[0mGET /api/notifications/unread-count [36m304[0m 3.363 ms - -[0m
[0mGET /api/notifications?page=1&limit=10 [36m304[0m 4.691 ms - -[0m
[0mGET /api/events?search=&venue=&category=&dateFrom=&dateTo=&sortBy=date&order=asc&page=2&limit=6 [32m200[0m 8.831 ms - 1529[0m
[0mGET /api/events/7 [32m200[0m 6.420 ms - 510[0m
[0mGET /api/events/7 [36m304[0m 3.372 ms - -[0m
[0mGET /api/events/7 [36m304[0m 7.441 ms - -[0m
[0mGET /api/events/7 [36m304[0m 2.102 ms - -[0m
[0mGET /api/bookings/me [36m304[0m 6.353 ms - -[0m
[0mGET /api/bookings/me [36m304[0m 2.802 ms - -[0m
[0mGET /api/receipts/16/download [32m200[0m 73.327 ms - 4623[0m
[0mGET /api/tags [36m304[0m 2.205 ms - -[0m
[0mGET /api/tags [36m304[0m 1.705 ms - -[0m
[0mGET /api/events?search=&venue=&category=&dateFrom=&dateTo=&sortBy=date&order=asc&page=1&limit=6 [36m304[0m 13.749 ms - -[0m
[0mGET /api/events?search=&venue=&category=&dateFrom=&dateTo=&sortBy=date&order=asc&page=1&limit=6 [36m304[0m 8.576 ms - -[0m
[0mGET /api/auth/me [36m304[0m 3.132 ms - -[0m
[0mGET /api/auth/me [36m304[0m 2.602 ms - -[0m
[0mGET /api/notifications/unread-count [36m304[0m 2.656 ms - -[0m
[0mGET /api/notifications?page=1&limit=10 [36m304[0m 6.617 ms - -[0m
[0mGET /api/bookings/me [36m304[0m 3.385 ms - -[0m
[0mGET /api/notifications/unread-count [36m304[0m 2.527 ms - -[0m
[0mGET /api/bookings/me [36m304[0m 3.285 ms - -[0m
[0mGET /api/notifications?page=1&limit=10 [36m304[0m 9.013 ms - -[0m
